<?xml version="1.0" encoding="UTF-8"?>
<!-- Generated by org.testng.reporters.JUnitXMLReporter -->
<testsuite ignored="0" hostname="Cristian-Victus" failures="0" tests="4" name="Platanitos Test" time="21.272" errors="0" timestamp="2025-04-19T23:15:22 COT">
  <testcase classname="Tests.BuscaProducto" name="buscarProductoExistente" time="1.797"/>
  <testcase classname="Tests.BuscaProducto" name="buscarProductoExistente" time="1.74"/>
  <testcase classname="Tests.BuscaProducto" name="buscarProductoExistente" time="1.942"/>
  <testcase classname="Tests.BuscaProducto" name="buscarProductoInexistente" time="1.895"/>
</testsuite> <!-- Platanitos Test -->
